6.29 
大致分配任务 明确工期与分工 大致了解项目整体需求（其实也没怎么看懂）
解决了之前spark配置失败问题，并尝试任务10 数据清洗(每年某一天的数据)
遇到问题：ValueError:Lengths must match 原因：输入有误，数据集比较对应不匹配（已解决）
遇到问题：从气象局下载的数据集数据从2013年开始就不完整了（以每年6.28日数据清洗为例），导致数据链断掉，最后输出的清洗文件只到2012年。（尚未解决）
6.30
(9:00--12:00)
完善任务10，与小组成员合作任务11 12
尝试：使用pandas对原数据集进行清洗，包括最大值最小值和平均值三项（13年后数据不完全 暂时没有数据的地方用空表示）
疑问：不清楚最后要预测的内容具体是什么 如果最高最低平均都要预测的话，可能会有源数据时间不一样长的问题，因为平均气温数据每天都有
尝试：使用spark借助statsmodels对时间数据进行预处理，画出数据图来确定后面模型的选择（未成功 原因不明 还在尝试）
疑问：报错KeyError: 'fData'，尚未解决
学习ARIMA模型，一头雾水，大概明白这个模型可以通过对之前的时间序列进行分析从而达到预测未来数据的作用
模型的选择和参数pdq的确定是此方法应用的重难点
为了确定模型的选择需要对数据进行预处理（正在尝试）
成功画出了tmin的数据结构图和自相关图 其他属性应该也可以画 具体分析还不太清楚
(2:00-5:00+课下8：00-10：00)
深入学习arima模型（通过视频学习），明白了模型的应用方法和使用步骤
难点：数据集差分图，ACF&PACF图，p,q,d参数定阶（最难 没理解）
尝试：对数据集进行差分和绘ACF&PACF图（已完成）
疑问：在数据较少的时候（比如第二次尝试是用20年某一天的数据来预测），二次差分可能也不够平衡，会不会影响预测结果
尝试：通过ACF&PACF图定阶->不太确定因为拖尾和截尾不好看，后来又试了热力图遍历法，似乎可行
明天建立模型预测数据试试看