6/29看文档，分配任务
磕磕绊绊地登上了GitHub结果崩溃了 晚上又恢复了
6/30学习csv文件转化为json格式的方法并用python语言实现功能
第一次commit 优化发送文件的代码
7/1学习python基础
7/2学习python套接字网络数据传输
配置myeclipse，自学web前端
了解tomcat相关知识
7/3好像又不用tomcat了 其实我还是不太懂
不过组长安排自学Django那就先学着吧
看Django视频跟着做网页（但是没有被使用而且中途丢下了）
参与网页的测试 好多warning
7/4网页测试貌似没什么问题了
自学html 看了一点css
7/5自学html
7/6上午通过中期答辩加深对目前进度的了解，小组讨论接下来的任务安排
看Djangle视频 尝试使用Dreamweaver美化界面
试图把json的结果用图像显示
7/7学习RBAC
决定图像显示在前端做
组长说RBAC太难了 其实我们都搞不出来 我就回去学JSP去了
7/8学习JSP
7/9学习JSP
修改美化登录界面
协助网页的测试
着手收集答辩ppt的制作
7/10做一些组长分过来的收尾工作和小的优化任务（上午就玩成了于是忘记了到底都做了些什么……）
制作答辩ppt